<?xml version="1.0" encoding="utf-8"?><testsuites name="pytest tests"><testsuite name="pytest" errors="0" failures="0" skipped="0" tests="8" time="16.408" timestamp="2026-02-18T19:45:40.537066+00:00" hostname="agent-env-4f1e87eb-2fa6-4188-b23c-a88b1149c32d"><testcase classname="backend.tests.test_chat_api.TestChatAPI" name="test_chat_endpoint_status" time="2.694" /><testcase classname="backend.tests.test_chat_api.TestChatAPI" name="test_chat_room_rates_response" time="3.094" /><testcase classname="backend.tests.test_chat_api.TestChatAPI" name="test_chat_airport_distance" time="1.175" /><testcase classname="backend.tests.test_chat_api.TestChatAPI" name="test_chat_facilities_response" time="2.667" /><testcase classname="backend.tests.test_chat_api.TestChatAPI" name="test_chat_session_persistence" time="4.764" /><testcase classname="backend.tests.test_chat_api.TestChatAPI" name="test_chat_deosai_distance" time="1.497" /><testcase classname="backend.tests.test_chat_api.TestHealthEndpoints" name="test_root_endpoint" time="0.172" /><testcase classname="backend.tests.test_chat_api.TestHealthEndpoints" name="test_health_endpoint" time="0.175" /></testsuite></testsuites>